2016-06-05 17:48:28 [46] INFO Log create success
2016-06-05 17:48:28 [93] INFO The user name complication completed...
2016-06-05 17:48:29 [93] INFO The user name complication completed...
2016-06-05 17:48:29 [82] INFO Password compilation completed...
2016-06-05 17:48:29 [51] INFO The post data is ready.
2016-06-05 17:48:30 [142] INFO select 120.52.72.24:80 as the proxy IP.
2016-06-05 17:48:30 [145] INFO select Mozilla/5.0 (Macintosh; Intel Mac OS X 10.6; rv:2.0.1) Gecko/20100101 Firefox/4.0.1 as the user-agent.
2016-06-05 17:48:34 [158] INFO The address is connected.
2016-06-05 17:48:34 [178] INFO Jumping page....
2016-06-05 17:48:34 [181] INFO Jumping page again...
2016-06-05 17:48:37 [188] INFO Login success!
2016-06-05 17:48:37 [193] ERROR Login error!
2016-06-05 17:50:16 [46] INFO Log create success
2016-06-05 17:50:16 [46] INFO Log create success
2016-06-05 17:50:16 [93] INFO The user name complication completed...
2016-06-05 17:50:16 [93] INFO The user name complication completed...
2016-06-05 17:50:19 [93] INFO The user name complication completed...
2016-06-05 17:50:19 [93] INFO The user name complication completed...
2016-06-05 17:50:19 [82] INFO Password compilation completed...
2016-06-05 17:50:19 [82] INFO Password compilation completed...
2016-06-05 17:50:19 [51] INFO The post data is ready.
2016-06-05 17:50:19 [51] INFO The post data is ready.
2016-06-05 17:50:26 [142] INFO select 123.56.28.196:8888 as the proxy IP.
2016-06-05 17:50:26 [142] INFO select 123.56.28.196:8888 as the proxy IP.
2016-06-05 17:50:26 [145] INFO select Opera/9.80 (Macintosh; Intel Mac OS X 10.6.8; U; en) Presto/2.8.131 Version/11.11 as the user-agent.
2016-06-05 17:50:26 [145] INFO select Opera/9.80 (Macintosh; Intel Mac OS X 10.6.8; U; en) Presto/2.8.131 Version/11.11 as the user-agent.
2016-06-05 17:50:27 [158] INFO The address is connected.
2016-06-05 17:50:27 [158] INFO The address is connected.
2016-06-05 17:50:27 [178] INFO Jumping page....
2016-06-05 17:50:27 [178] INFO Jumping page....
2016-06-05 17:50:27 [181] INFO Jumping page again...
2016-06-05 17:50:27 [181] INFO Jumping page again...
2016-06-05 17:50:48 [193] ERROR Login error!
2016-06-05 17:50:48 [193] ERROR Login error!
