2016-06-05 15:46:14 [46] INFO Log create success
2016-06-05 15:46:50 [46] INFO Log create success
2016-06-05 15:46:50 [51] INFO The post data is ready.
2016-06-05 15:47:32 [46] INFO Log create success
2016-06-05 15:47:32 [51] INFO The post data is ready.
2016-06-05 15:47:33 [140] INFO select 58.208.165.137:8888 as the proxy IP.
2016-06-05 15:47:33 [140] INFO select 58.208.165.137:8888 as the proxy IP.
2016-06-05 15:47:33 [143] INFO select Mozilla/4.0 (compatible; MSIE 7.0; Windows NT 5.1; Trident/4.0; SE 2.X MetaSr 1.0; SE 2.X MetaSr 1.0; .NET CLR 2.0.50727; SE 2.X MetaSr 1.0) as the user-agent.
2016-06-05 15:47:33 [143] INFO select Mozilla/4.0 (compatible; MSIE 7.0; Windows NT 5.1; Trident/4.0; SE 2.X MetaSr 1.0; SE 2.X MetaSr 1.0; .NET CLR 2.0.50727; SE 2.X MetaSr 1.0) as the user-agent.
2016-06-05 15:47:36 [153] INFO The address is connected.
2016-06-05 15:47:36 [153] INFO The address is connected.
2016-06-05 15:47:36 [186] ERROR Login error!
2016-06-05 15:47:36 [186] ERROR Login error!
2016-06-05 15:51:25 [46] INFO Log create success
2016-06-05 15:51:25 [51] INFO The post data is ready.
2016-06-05 15:51:25 [140] INFO select 27.222.49.15:8888 as the proxy IP.
2016-06-05 15:51:25 [143] INFO select Mozilla/5.0 (Windows NT 10.0; WOW64; Trident/7.0; .NET4.0C; .NET4.0E; .NET CLR 2.0.50727; .NET CLR 3.0.30729; .NET CLR 3.5.30729; InfoPath.3; rv:11.0) like Gecko as the user-agent.
2016-06-05 15:51:26 [153] INFO The address is connected.
2016-06-05 15:51:26 [187] ERROR Login error!
2016-06-05 16:02:01 [46] INFO Log create success
2016-06-05 16:02:01 [51] INFO The post data is ready.
2016-06-05 16:02:01 [140] INFO select 123.169.232.250:8888 as the proxy IP.
2016-06-05 16:02:01 [143] INFO select Mozilla/5.0 (Macintosh; Intel Mac OS X 10_7_0) AppleWebKit/535.11 (KHTML, like Gecko) Chrome/17.0.963.56 Safari/535.11 as the user-agent.
2016-06-05 16:02:02 [153] INFO The address is connected.
2016-06-05 16:02:02 [187] ERROR Login error!
2016-06-05 16:02:42 [46] INFO Log create success
2016-06-05 16:02:42 [51] INFO The post data is ready.
2016-06-05 16:02:45 [140] INFO select 36.106.191.83:8888 as the proxy IP.
2016-06-05 16:02:45 [143] INFO select Mozilla/5.0 (Macintosh; Intel Mac OS X 10_7_0) AppleWebKit/535.11 (KHTML, like Gecko) Chrome/17.0.963.56 Safari/535.11 as the user-agent.
2016-06-05 16:02:45 [156] INFO The address is connected.
2016-06-05 16:02:45 [173] INFO Jumping page....
2016-06-05 16:02:45 [190] ERROR Login error!
2016-06-05 16:28:38 [46] INFO Log create success
2016-06-05 16:28:38 [51] INFO The post data is ready.
2016-06-05 16:30:54 [46] INFO Log create success
2016-06-05 16:30:57 [51] INFO The post data is ready.
2016-06-05 16:31:36 [46] INFO Log create success
2016-06-05 16:31:37 [51] INFO The post data is ready.
2016-06-05 16:34:54 [46] INFO Log create success
2016-06-05 16:34:54 [51] INFO The post data is ready.
2016-06-05 16:41:11 [46] INFO Log create success
2016-06-05 16:41:11 [51] INFO The post data is ready.
2016-06-05 16:42:45 [46] INFO Log create success
2016-06-05 16:42:45 [93] INFO The user name complication completed...
2016-06-05 16:42:48 [93] INFO The user name complication completed...
2016-06-05 16:42:48 [82] INFO Password compilation completed...
2016-06-05 16:42:48 [51] INFO The post data is ready.
2016-06-05 16:45:28 [46] INFO Log create success
2016-06-05 16:45:28 [93] INFO The user name complication completed...
2016-06-05 16:45:28 [93] INFO The user name complication completed...
2016-06-05 16:45:28 [82] INFO Password compilation completed...
2016-06-05 16:45:28 [51] INFO The post data is ready.
2016-06-05 16:47:34 [46] INFO Log create success
2016-06-05 16:47:34 [93] INFO The user name complication completed...
2016-06-05 16:47:34 [93] INFO The user name complication completed...
2016-06-05 16:47:34 [82] INFO Password compilation completed...
2016-06-05 16:47:34 [51] INFO The post data is ready.
2016-06-05 16:48:06 [46] INFO Log create success
2016-06-05 16:48:06 [93] INFO The user name complication completed...
2016-06-05 16:48:06 [93] INFO The user name complication completed...
2016-06-05 16:48:06 [82] INFO Password compilation completed...
2016-06-05 16:48:06 [51] INFO The post data is ready.
2016-06-05 16:50:14 [46] INFO Log create success
2016-06-05 16:50:14 [93] INFO The user name complication completed...
2016-06-05 16:50:14 [93] INFO The user name complication completed...
2016-06-05 16:50:14 [82] INFO Password compilation completed...
2016-06-05 16:50:14 [51] INFO The post data is ready.
2016-06-05 17:07:31 [46] INFO Log create success
2016-06-05 17:07:31 [93] INFO The user name complication completed...
2016-06-05 17:07:31 [93] INFO The user name complication completed...
2016-06-05 17:07:31 [82] INFO Password compilation completed...
2016-06-05 17:07:31 [51] INFO The post data is ready.
2016-06-05 17:09:24 [46] INFO Log create success
2016-06-05 17:09:24 [93] INFO The user name complication completed...
2016-06-05 17:09:24 [93] INFO The user name complication completed...
2016-06-05 17:09:24 [82] INFO Password compilation completed...
2016-06-05 17:09:24 [51] INFO The post data is ready.
2016-06-05 17:09:24 [142] INFO select 186.203.134.5:3128 as the proxy IP.
2016-06-05 17:09:24 [145] INFO select Mozilla/5.0 (Macintosh; U; Intel Mac OS X 10_6_8; en-us) AppleWebKit/534.50 (KHTML, like Gecko) Version/5.1 Safari/534.50 as the user-agent.
2016-06-05 17:09:26 [158] INFO The address is connected.
2016-06-05 17:09:26 [175] INFO Jumping page....
2016-06-05 17:09:29 [179] INFO Jumping page again...
2016-06-05 17:09:30 [187] INFO Login success!
2016-06-05 17:09:30 [192] ERROR Login error!
2016-06-05 17:13:26 [46] INFO Log create success
2016-06-05 17:13:26 [93] INFO The user name complication completed...
2016-06-05 17:13:26 [93] INFO The user name complication completed...
2016-06-05 17:13:26 [82] INFO Password compilation completed...
2016-06-05 17:13:26 [51] INFO The post data is ready.
2016-06-05 17:13:28 [142] INFO select 91.98.118.178:8080 as the proxy IP.
2016-06-05 17:13:28 [145] INFO select Mozilla/5.0 (Macintosh; U; Intel Mac OS X 10_6_8; en-us) AppleWebKit/534.50 (KHTML, like Gecko) Version/5.1 Safari/534.50 as the user-agent.
2016-06-05 17:13:29 [158] INFO The address is connected.
2016-06-05 17:13:35 [178] INFO Jumping page....
2016-06-05 17:13:35 [181] INFO Jumping page again...
2016-06-05 17:13:36 [188] INFO Login success!
2016-06-05 17:13:36 [193] ERROR Login error!
2016-06-05 17:53:38 [46] INFO Log create success
2016-06-05 17:53:38 [93] INFO The user name complication completed...
2016-06-05 17:53:38 [93] INFO The user name complication completed...
2016-06-05 17:53:38 [82] INFO Password compilation completed...
2016-06-05 17:53:38 [51] INFO The post data is ready.
2016-06-05 17:53:38 [142] INFO select 116.28.170.58:8888 as the proxy IP.
2016-06-05 17:53:38 [145] INFO select Opera/9.80 (Macintosh; Intel Mac OS X 10.6.8; U; en) Presto/2.8.131 Version/11.11 as the user-agent.
2016-06-05 17:53:39 [158] INFO The address is connected.
2016-06-05 17:53:40 [178] INFO Jumping page....
2016-06-05 17:53:40 [181] INFO Jumping page again...
2016-06-05 17:54:01 [190] ERROR Login error!
2016-06-05 17:56:12 [46] INFO Log create success
2016-06-05 17:56:12 [93] INFO The user name complication completed...
2016-06-05 17:56:12 [93] INFO The user name complication completed...
2016-06-05 17:56:12 [82] INFO Password compilation completed...
2016-06-05 17:56:12 [51] INFO The post data is ready.
2016-06-05 17:56:13 [142] INFO select 116.77.70.172:3128 as the proxy IP.
2016-06-05 17:56:13 [145] INFO select Mozilla/5.0 (Macintosh; U; Intel Mac OS X 10_6_8; en-us) AppleWebKit/534.50 (KHTML, like Gecko) Version/5.1 Safari/534.50 as the user-agent.
2016-06-05 17:56:13 [158] INFO The address is connected.
2016-06-05 17:56:13 [178] INFO Jumping page....
2016-06-05 17:56:13 [181] INFO Jumping page again...
2016-06-05 17:56:15 [187] INFO Login success!
2016-06-05 18:00:03 [46] INFO Log create success
2016-06-05 18:00:03 [93] INFO The user name complication completed...
2016-06-05 18:00:05 [93] INFO The user name complication completed...
2016-06-05 18:00:05 [82] INFO Password compilation completed...
2016-06-05 18:00:05 [51] INFO The post data is ready.
2016-06-05 18:00:06 [142] INFO select 121.69.36.122:8118 as the proxy IP.
2016-06-05 18:00:06 [145] INFO select Mozilla/5.0 (Macintosh; U; Intel Mac OS X 10_6_8; en-us) AppleWebKit/534.50 (KHTML, like Gecko) Version/5.1 Safari/534.50 as the user-agent.
2016-06-05 18:00:07 [158] INFO The address is connected.
2016-06-05 18:00:07 [178] INFO Jumping page....
2016-06-05 18:00:07 [181] INFO Jumping page again...
2016-06-05 18:00:10 [187] INFO Login success!
2016-06-05 18:01:11 [46] INFO Log create success
2016-06-05 18:01:11 [93] INFO The user name complication completed...
2016-06-05 18:01:11 [93] INFO The user name complication completed...
2016-06-05 18:01:11 [82] INFO Password compilation completed...
2016-06-05 18:01:11 [51] INFO The post data is ready.
2016-06-05 18:01:12 [142] INFO select 121.12.218.83:8888 as the proxy IP.
2016-06-05 18:01:12 [145] INFO select Mozilla/5.0 (Macintosh; U; Intel Mac OS X 10_6_8; en-us) AppleWebKit/534.50 (KHTML, like Gecko) Version/5.1 Safari/534.50 as the user-agent.
2016-06-05 18:01:13 [158] INFO The address is connected.
2016-06-05 18:01:13 [178] INFO Jumping page....
2016-06-05 18:01:13 [181] INFO Jumping page again...
2016-06-05 18:01:24 [187] INFO Login success!
2016-06-05 18:03:20 [46] INFO Log create success
2016-06-05 18:03:20 [93] INFO The user name complication completed...
2016-06-05 18:03:20 [93] INFO The user name complication completed...
2016-06-05 18:03:20 [82] INFO Password compilation completed...
2016-06-05 18:03:20 [51] INFO The post data is ready.
2016-06-05 18:03:25 [142] INFO select 103.27.7.55:3128 as the proxy IP.
2016-06-05 18:03:25 [145] INFO select Mozilla/5.0 (Macintosh; Intel Mac OS X 10_7_0) AppleWebKit/535.11 (KHTML, like Gecko) Chrome/17.0.963.56 Safari/535.11 as the user-agent.
2016-06-05 18:03:25 [158] INFO The address is connected.
2016-06-05 18:03:47 [190] ERROR Login error!
2016-06-05 18:03:47 [191] ERROR 

2016-06-05 18:03:47 [142] INFO select 180.212.220.177:8888 as the proxy IP.
2016-06-05 18:03:47 [145] INFO select Mozilla/5.0 (Macintosh; Intel Mac OS X 10_7_0) AppleWebKit/535.11 (KHTML, like Gecko) Chrome/17.0.963.56 Safari/535.11 as the user-agent.
2016-06-05 18:03:47 [158] INFO The address is connected.
2016-06-05 18:03:47 [190] ERROR Login error!
2016-06-05 18:03:47 [191] ERROR 
'NoneType' object has no attribute 'group'
2016-06-05 18:03:47 [142] INFO select 183.245.147.24:80 as the proxy IP.
2016-06-05 18:03:47 [145] INFO select Mozilla/5.0 (Macintosh; U; Intel Mac OS X 10_6_8; en-us) AppleWebKit/534.50 (KHTML, like Gecko) Version/5.1 Safari/534.50 as the user-agent.
2016-06-05 18:03:47 [158] INFO The address is connected.
2016-06-05 18:03:47 [190] ERROR Login error!
2016-06-05 18:03:47 [191] ERROR 
'NoneType' object has no attribute 'group'
2016-06-05 18:03:47 [142] INFO select 210.101.131.229:8080 as the proxy IP.
2016-06-05 18:03:47 [145] INFO select Opera/9.80 (Macintosh; Intel Mac OS X 10.6.8; U; en) Presto/2.8.131 Version/11.11 as the user-agent.
2016-06-05 18:03:48 [158] INFO The address is connected.
2016-06-05 18:03:48 [190] ERROR Login error!
2016-06-05 18:03:48 [191] ERROR 
'NoneType' object has no attribute 'group'
2016-06-05 18:03:48 [142] INFO select 120.25.84.211:3128 as the proxy IP.
2016-06-05 18:03:48 [145] INFO select Mozilla/5.0 (Macintosh; Intel Mac OS X 10.6; rv:2.0.1) Gecko/20100101 Firefox/4.0.1 as the user-agent.
2016-06-05 18:03:51 [158] INFO The address is connected.
2016-06-05 18:03:51 [190] ERROR Login error!
2016-06-05 18:03:51 [191] ERROR 
'NoneType' object has no attribute 'group'
2016-06-05 18:03:51 [142] INFO select 117.187.20.22:8080 as the proxy IP.
2016-06-05 18:03:51 [145] INFO select Mozilla/5.0 (Macintosh; U; Intel Mac OS X 10_6_8; en-us) AppleWebKit/534.50 (KHTML, like Gecko) Version/5.1 Safari/534.50 as the user-agent.
2016-06-05 18:03:56 [158] INFO The address is connected.
2016-06-05 18:03:56 [190] ERROR Login error!
2016-06-05 18:03:56 [191] ERROR 
'NoneType' object has no attribute 'group'
2016-06-05 18:03:56 [142] INFO select 124.192.40.253:3128 as the proxy IP.
2016-06-05 18:03:56 [145] INFO select Mozilla/5.0 (Macintosh; Intel Mac OS X 10.6; rv:2.0.1) Gecko/20100101 Firefox/4.0.1 as the user-agent.
2016-06-05 18:03:56 [158] INFO The address is connected.
2016-06-05 18:03:56 [190] ERROR Login error!
2016-06-05 18:03:56 [191] ERROR 
'NoneType' object has no attribute 'group'
2016-06-05 18:03:56 [142] INFO select 124.192.72.220:3128 as the proxy IP.
2016-06-05 18:03:56 [145] INFO select Opera/9.80 (Macintosh; Intel Mac OS X 10.6.8; U; en) Presto/2.8.131 Version/11.11 as the user-agent.
2016-06-05 18:03:56 [158] INFO The address is connected.
2016-06-05 18:03:56 [190] ERROR Login error!
2016-06-05 18:03:56 [191] ERROR 
'NoneType' object has no attribute 'group'
2016-06-05 18:03:56 [142] INFO select 120.25.84.211:3128 as the proxy IP.
2016-06-05 18:03:56 [145] INFO select Mozilla/5.0 (Macintosh; U; Intel Mac OS X 10_6_8; en-us) AppleWebKit/534.50 (KHTML, like Gecko) Version/5.1 Safari/534.50 as the user-agent.
2016-06-05 18:03:58 [158] INFO The address is connected.
2016-06-05 18:03:58 [190] ERROR Login error!
2016-06-05 18:03:58 [191] ERROR 
'NoneType' object has no attribute 'group'
2016-06-05 18:03:58 [142] INFO select 117.187.20.22:8080 as the proxy IP.
2016-06-05 18:03:59 [145] INFO select Opera/9.80 (Macintosh; Intel Mac OS X 10.6.8; U; en) Presto/2.8.131 Version/11.11 as the user-agent.
2016-06-05 18:03:59 [158] INFO The address is connected.
2016-06-05 18:03:59 [190] ERROR Login error!
2016-06-05 18:03:59 [191] ERROR 
'NoneType' object has no attribute 'group'
2016-06-05 18:03:59 [142] INFO select 124.192.72.220:3128 as the proxy IP.
2016-06-05 18:03:59 [145] INFO select Mozilla/5.0 (Macintosh; U; Intel Mac OS X 10_6_8; en-us) AppleWebKit/534.50 (KHTML, like Gecko) Version/5.1 Safari/534.50 as the user-agent.
2016-06-05 18:03:59 [158] INFO The address is connected.
2016-06-05 18:03:59 [190] ERROR Login error!
2016-06-05 18:03:59 [191] ERROR 
'NoneType' object has no attribute 'group'
2016-06-05 18:03:59 [142] INFO select 120.25.84.211:3128 as the proxy IP.
2016-06-05 18:03:59 [145] INFO select Mozilla/5.0 (Macintosh; Intel Mac OS X 10.6; rv:2.0.1) Gecko/20100101 Firefox/4.0.1 as the user-agent.
2016-06-05 18:03:59 [158] INFO The address is connected.
2016-06-05 18:03:59 [190] ERROR Login error!
2016-06-05 18:03:59 [191] ERROR 
'NoneType' object has no attribute 'group'
2016-06-05 18:03:59 [142] INFO select 210.101.131.229:8080 as the proxy IP.
2016-06-05 18:03:59 [145] INFO select Mozilla/5.0 (Macintosh; Intel Mac OS X 10_7_0) AppleWebKit/535.11 (KHTML, like Gecko) Chrome/17.0.963.56 Safari/535.11 as the user-agent.
2016-06-05 18:04:01 [158] INFO The address is connected.
2016-06-05 18:04:01 [190] ERROR Login error!
2016-06-05 18:04:01 [191] ERROR 
'NoneType' object has no attribute 'group'
2016-06-05 18:04:01 [142] INFO select 117.187.20.22:8080 as the proxy IP.
2016-06-05 18:04:01 [145] INFO select Mozilla/5.0 (Macintosh; Intel Mac OS X 10_7_0) AppleWebKit/535.11 (KHTML, like Gecko) Chrome/17.0.963.56 Safari/535.11 as the user-agent.
2016-06-05 18:04:02 [158] INFO The address is connected.
2016-06-05 18:04:02 [190] ERROR Login error!
2016-06-05 18:04:02 [191] ERROR 
'NoneType' object has no attribute 'group'
2016-06-05 18:04:02 [142] INFO select 117.187.20.22:8080 as the proxy IP.
2016-06-05 18:04:02 [145] INFO select Opera/9.80 (Macintosh; Intel Mac OS X 10.6.8; U; en) Presto/2.8.131 Version/11.11 as the user-agent.
2016-06-05 18:04:02 [158] INFO The address is connected.
2016-06-05 18:04:02 [190] ERROR Login error!
2016-06-05 18:04:02 [191] ERROR 
'NoneType' object has no attribute 'group'
2016-06-05 18:04:02 [142] INFO select 124.192.40.253:3128 as the proxy IP.
2016-06-05 18:04:02 [145] INFO select Mozilla/5.0 (Macintosh; U; Intel Mac OS X 10_6_8; en-us) AppleWebKit/534.50 (KHTML, like Gecko) Version/5.1 Safari/534.50 as the user-agent.
2016-06-05 18:04:07 [158] INFO The address is connected.
2016-06-05 18:04:07 [190] ERROR Login error!
2016-06-05 18:04:07 [191] ERROR 
'NoneType' object has no attribute 'group'
2016-06-05 18:04:07 [142] INFO select 210.101.131.229:8080 as the proxy IP.
2016-06-05 18:04:07 [145] INFO select Mozilla/5.0 (Macintosh; Intel Mac OS X 10.6; rv:2.0.1) Gecko/20100101 Firefox/4.0.1 as the user-agent.
2016-06-05 18:04:07 [158] INFO The address is connected.
2016-06-05 18:04:07 [190] ERROR Login error!
2016-06-05 18:04:07 [191] ERROR 
'NoneType' object has no attribute 'group'
2016-06-05 18:04:07 [142] INFO select 210.101.131.229:8080 as the proxy IP.
2016-06-05 18:04:07 [145] INFO select Mozilla/5.0 (Macintosh; U; Intel Mac OS X 10_6_8; en-us) AppleWebKit/534.50 (KHTML, like Gecko) Version/5.1 Safari/534.50 as the user-agent.
2016-06-05 18:04:09 [158] INFO The address is connected.
2016-06-05 18:04:09 [190] ERROR Login error!
2016-06-05 18:04:09 [191] ERROR 
'NoneType' object has no attribute 'group'
2016-06-05 18:04:09 [142] INFO select 210.101.131.229:8080 as the proxy IP.
2016-06-05 18:04:09 [145] INFO select Mozilla/5.0 (Macintosh; Intel Mac OS X 10_7_0) AppleWebKit/535.11 (KHTML, like Gecko) Chrome/17.0.963.56 Safari/535.11 as the user-agent.
2016-06-05 18:04:09 [158] INFO The address is connected.
2016-06-05 18:04:09 [190] ERROR Login error!
2016-06-05 18:04:09 [191] ERROR 
'NoneType' object has no attribute 'group'
2016-06-05 18:04:09 [142] INFO select 120.25.84.211:3128 as the proxy IP.
2016-06-05 18:04:09 [145] INFO select Mozilla/5.0 (Macintosh; Intel Mac OS X 10_7_0) AppleWebKit/535.11 (KHTML, like Gecko) Chrome/17.0.963.56 Safari/535.11 as the user-agent.
2016-06-05 18:04:09 [158] INFO The address is connected.
2016-06-05 18:04:09 [190] ERROR Login error!
2016-06-05 18:04:09 [191] ERROR 
'NoneType' object has no attribute 'group'
2016-06-05 18:04:09 [142] INFO select 120.25.84.211:3128 as the proxy IP.
2016-06-05 18:04:09 [145] INFO select Opera/9.80 (Macintosh; Intel Mac OS X 10.6.8; U; en) Presto/2.8.131 Version/11.11 as the user-agent.
2016-06-05 18:04:09 [158] INFO The address is connected.
2016-06-05 18:04:09 [190] ERROR Login error!
2016-06-05 18:04:09 [191] ERROR 
'NoneType' object has no attribute 'group'
2016-06-05 18:04:09 [142] INFO select 183.245.147.24:80 as the proxy IP.
2016-06-05 18:04:09 [145] INFO select Mozilla/5.0 (Macintosh; Intel Mac OS X 10_7_0) AppleWebKit/535.11 (KHTML, like Gecko) Chrome/17.0.963.56 Safari/535.11 as the user-agent.
2016-06-05 18:04:09 [158] INFO The address is connected.
2016-06-05 18:04:09 [190] ERROR Login error!
2016-06-05 18:04:09 [191] ERROR 
'NoneType' object has no attribute 'group'
2016-06-05 18:04:09 [142] INFO select 124.192.72.220:3128 as the proxy IP.
2016-06-05 18:04:09 [145] INFO select Mozilla/5.0 (Macintosh; U; Intel Mac OS X 10_6_8; en-us) AppleWebKit/534.50 (KHTML, like Gecko) Version/5.1 Safari/534.50 as the user-agent.
2016-06-05 18:04:10 [158] INFO The address is connected.
2016-06-05 18:04:10 [190] ERROR Login error!
2016-06-05 18:04:10 [191] ERROR 
'NoneType' object has no attribute 'group'
2016-06-05 18:04:10 [142] INFO select 124.192.40.253:3128 as the proxy IP.
2016-06-05 18:04:10 [145] INFO select Opera/9.80 (Macintosh; Intel Mac OS X 10.6.8; U; en) Presto/2.8.131 Version/11.11 as the user-agent.
2016-06-05 18:04:10 [158] INFO The address is connected.
2016-06-05 18:04:10 [190] ERROR Login error!
2016-06-05 18:04:10 [191] ERROR 
'NoneType' object has no attribute 'group'
2016-06-05 18:04:10 [142] INFO select 60.206.222.157:3128 as the proxy IP.
2016-06-05 18:04:10 [145] INFO select Opera/9.80 (Macintosh; Intel Mac OS X 10.6.8; U; en) Presto/2.8.131 Version/11.11 as the user-agent.
2016-06-05 18:04:10 [158] INFO The address is connected.
2016-06-05 18:04:10 [190] ERROR Login error!
2016-06-05 18:04:10 [191] ERROR 
'NoneType' object has no attribute 'group'
2016-06-05 18:04:10 [142] INFO select 103.27.7.55:3128 as the proxy IP.
2016-06-05 18:04:10 [145] INFO select Mozilla/5.0 (Macintosh; Intel Mac OS X 10.6; rv:2.0.1) Gecko/20100101 Firefox/4.0.1 as the user-agent.
2016-06-05 18:04:10 [158] INFO The address is connected.
2016-06-05 18:04:10 [190] ERROR Login error!
2016-06-05 18:04:10 [191] ERROR 
'NoneType' object has no attribute 'group'
2016-06-05 18:04:10 [142] INFO select 180.212.220.177:8888 as the proxy IP.
2016-06-05 18:04:10 [145] INFO select Mozilla/5.0 (Macintosh; U; Intel Mac OS X 10_6_8; en-us) AppleWebKit/534.50 (KHTML, like Gecko) Version/5.1 Safari/534.50 as the user-agent.
2016-06-05 18:04:10 [158] INFO The address is connected.
2016-06-05 18:04:10 [190] ERROR Login error!
2016-06-05 18:04:10 [191] ERROR 
'NoneType' object has no attribute 'group'
2016-06-05 18:04:10 [142] INFO select 210.101.131.229:8080 as the proxy IP.
2016-06-05 18:04:10 [145] INFO select Mozilla/5.0 (Macintosh; Intel Mac OS X 10_7_0) AppleWebKit/535.11 (KHTML, like Gecko) Chrome/17.0.963.56 Safari/535.11 as the user-agent.
2016-06-05 18:04:10 [158] INFO The address is connected.
2016-06-05 18:04:10 [190] ERROR Login error!
2016-06-05 18:04:10 [191] ERROR 
'NoneType' object has no attribute 'group'
2016-06-05 18:04:10 [142] INFO select 210.101.131.229:8080 as the proxy IP.
2016-06-05 18:04:10 [145] INFO select Mozilla/5.0 (Macintosh; Intel Mac OS X 10_7_0) AppleWebKit/535.11 (KHTML, like Gecko) Chrome/17.0.963.56 Safari/535.11 as the user-agent.
2016-06-05 18:04:10 [158] INFO The address is connected.
2016-06-05 18:04:10 [190] ERROR Login error!
2016-06-05 18:04:10 [191] ERROR 
'NoneType' object has no attribute 'group'
2016-06-05 18:04:10 [142] INFO select 183.245.147.24:80 as the proxy IP.
2016-06-05 18:04:10 [145] INFO select Mozilla/5.0 (Macintosh; Intel Mac OS X 10.6; rv:2.0.1) Gecko/20100101 Firefox/4.0.1 as the user-agent.
2016-06-05 18:04:10 [158] INFO The address is connected.
2016-06-05 18:04:10 [190] ERROR Login error!
2016-06-05 18:04:10 [191] ERROR 
'NoneType' object has no attribute 'group'
2016-06-05 18:04:10 [142] INFO select 124.192.72.220:3128 as the proxy IP.
2016-06-05 18:04:10 [145] INFO select Mozilla/5.0 (Macintosh; Intel Mac OS X 10.6; rv:2.0.1) Gecko/20100101 Firefox/4.0.1 as the user-agent.
2016-06-05 18:04:10 [158] INFO The address is connected.
2016-06-05 18:04:10 [190] ERROR Login error!
2016-06-05 18:04:10 [191] ERROR 
'NoneType' object has no attribute 'group'
2016-06-05 18:04:10 [142] INFO select 117.187.20.22:8080 as the proxy IP.
2016-06-05 18:04:10 [145] INFO select Mozilla/5.0 (Macintosh; Intel Mac OS X 10.6; rv:2.0.1) Gecko/20100101 Firefox/4.0.1 as the user-agent.
2016-06-05 18:04:10 [158] INFO The address is connected.
2016-06-05 18:04:10 [190] ERROR Login error!
2016-06-05 18:04:10 [191] ERROR 
'NoneType' object has no attribute 'group'
2016-06-05 18:04:10 [142] INFO select 103.27.7.55:3128 as the proxy IP.
2016-06-05 18:04:10 [145] INFO select Opera/9.80 (Macintosh; Intel Mac OS X 10.6.8; U; en) Presto/2.8.131 Version/11.11 as the user-agent.
2016-06-05 18:04:11 [158] INFO The address is connected.
2016-06-05 18:04:11 [190] ERROR Login error!
2016-06-05 18:04:11 [191] ERROR 
'NoneType' object has no attribute 'group'
2016-06-05 18:04:11 [142] INFO select 183.245.147.24:80 as the proxy IP.
2016-06-05 18:04:11 [145] INFO select Opera/9.80 (Macintosh; Intel Mac OS X 10.6.8; U; en) Presto/2.8.131 Version/11.11 as the user-agent.
2016-06-05 18:04:11 [158] INFO The address is connected.
2016-06-05 18:04:11 [190] ERROR Login error!
2016-06-05 18:04:11 [191] ERROR 
'NoneType' object has no attribute 'group'
2016-06-05 18:04:11 [142] INFO select 180.212.220.177:8888 as the proxy IP.
2016-06-05 18:04:11 [145] INFO select Mozilla/5.0 (Macintosh; Intel Mac OS X 10.6; rv:2.0.1) Gecko/20100101 Firefox/4.0.1 as the user-agent.
2016-06-05 18:04:11 [158] INFO The address is connected.
2016-06-05 18:04:11 [190] ERROR Login error!
2016-06-05 18:04:11 [191] ERROR 
'NoneType' object has no attribute 'group'
2016-06-05 18:04:11 [142] INFO select 117.187.20.22:8080 as the proxy IP.
2016-06-05 18:04:11 [145] INFO select Opera/9.80 (Macintosh; Intel Mac OS X 10.6.8; U; en) Presto/2.8.131 Version/11.11 as the user-agent.
2016-06-05 18:04:12 [158] INFO The address is connected.
2016-06-05 18:04:12 [190] ERROR Login error!
2016-06-05 18:04:12 [191] ERROR 
'NoneType' object has no attribute 'group'
2016-06-05 18:04:12 [142] INFO select 103.27.7.55:3128 as the proxy IP.
2016-06-05 18:04:12 [145] INFO select Opera/9.80 (Macintosh; Intel Mac OS X 10.6.8; U; en) Presto/2.8.131 Version/11.11 as the user-agent.
2016-06-05 18:04:12 [158] INFO The address is connected.
2016-06-05 18:04:12 [190] ERROR Login error!
2016-06-05 18:04:12 [191] ERROR 
'NoneType' object has no attribute 'group'
2016-06-05 18:04:12 [142] INFO select 60.206.222.157:3128 as the proxy IP.
2016-06-05 18:04:12 [145] INFO select Mozilla/5.0 (Macintosh; Intel Mac OS X 10_7_0) AppleWebKit/535.11 (KHTML, like Gecko) Chrome/17.0.963.56 Safari/535.11 as the user-agent.
2016-06-05 18:04:12 [158] INFO The address is connected.
2016-06-05 18:04:12 [190] ERROR Login error!
2016-06-05 18:04:12 [191] ERROR 
'NoneType' object has no attribute 'group'
2016-06-05 18:04:12 [142] INFO select 117.187.20.22:8080 as the proxy IP.
2016-06-05 18:04:12 [145] INFO select Mozilla/5.0 (Macintosh; Intel Mac OS X 10.6; rv:2.0.1) Gecko/20100101 Firefox/4.0.1 as the user-agent.
2016-06-05 18:04:12 [158] INFO The address is connected.
2016-06-05 18:04:12 [190] ERROR Login error!
2016-06-05 18:04:12 [191] ERROR 
'NoneType' object has no attribute 'group'
2016-06-05 18:04:12 [142] INFO select 120.25.84.211:3128 as the proxy IP.
2016-06-05 18:04:12 [145] INFO select Mozilla/5.0 (Macintosh; Intel Mac OS X 10.6; rv:2.0.1) Gecko/20100101 Firefox/4.0.1 as the user-agent.
2016-06-05 18:04:12 [158] INFO The address is connected.
2016-06-05 18:04:12 [190] ERROR Login error!
2016-06-05 18:04:12 [191] ERROR 
'NoneType' object has no attribute 'group'
2016-06-05 18:04:12 [142] INFO select 117.187.20.22:8080 as the proxy IP.
2016-06-05 18:04:12 [145] INFO select Mozilla/5.0 (Macintosh; Intel Mac OS X 10_7_0) AppleWebKit/535.11 (KHTML, like Gecko) Chrome/17.0.963.56 Safari/535.11 as the user-agent.
2016-06-05 18:04:13 [158] INFO The address is connected.
2016-06-05 18:04:13 [190] ERROR Login error!
2016-06-05 18:04:13 [191] ERROR 
'NoneType' object has no attribute 'group'
2016-06-05 18:04:13 [142] INFO select 124.192.40.253:3128 as the proxy IP.
2016-06-05 18:04:13 [145] INFO select Opera/9.80 (Macintosh; Intel Mac OS X 10.6.8; U; en) Presto/2.8.131 Version/11.11 as the user-agent.
2016-06-05 18:04:16 [158] INFO The address is connected.
2016-06-05 18:04:16 [190] ERROR Login error!
2016-06-05 18:04:16 [191] ERROR 
'NoneType' object has no attribute 'group'
2016-06-05 18:04:16 [142] INFO select 124.192.72.220:3128 as the proxy IP.
2016-06-05 18:04:16 [145] INFO select Mozilla/5.0 (Macintosh; U; Intel Mac OS X 10_6_8; en-us) AppleWebKit/534.50 (KHTML, like Gecko) Version/5.1 Safari/534.50 as the user-agent.
2016-06-05 18:04:16 [158] INFO The address is connected.
2016-06-05 18:04:16 [190] ERROR Login error!
2016-06-05 18:04:16 [191] ERROR 
'NoneType' object has no attribute 'group'
2016-06-05 18:04:16 [142] INFO select 180.212.220.177:8888 as the proxy IP.
2016-06-05 18:04:16 [145] INFO select Mozilla/5.0 (Macintosh; U; Intel Mac OS X 10_6_8; en-us) AppleWebKit/534.50 (KHTML, like Gecko) Version/5.1 Safari/534.50 as the user-agent.
2016-06-05 18:04:19 [158] INFO The address is connected.
2016-06-05 18:04:19 [190] ERROR Login error!
2016-06-05 18:04:19 [191] ERROR 
'NoneType' object has no attribute 'group'
2016-06-05 18:04:19 [142] INFO select 124.192.40.253:3128 as the proxy IP.
2016-06-05 18:04:19 [145] INFO select Mozilla/5.0 (Macintosh; Intel Mac OS X 10_7_0) AppleWebKit/535.11 (KHTML, like Gecko) Chrome/17.0.963.56 Safari/535.11 as the user-agent.
2016-06-05 18:04:19 [158] INFO The address is connected.
2016-06-05 18:04:19 [190] ERROR Login error!
2016-06-05 18:04:19 [191] ERROR 
'NoneType' object has no attribute 'group'
2016-06-05 18:04:19 [142] INFO select 183.245.147.24:80 as the proxy IP.
2016-06-05 18:04:19 [145] INFO select Mozilla/5.0 (Macintosh; U; Intel Mac OS X 10_6_8; en-us) AppleWebKit/534.50 (KHTML, like Gecko) Version/5.1 Safari/534.50 as the user-agent.
2016-06-05 18:04:19 [158] INFO The address is connected.
2016-06-05 18:04:19 [190] ERROR Login error!
2016-06-05 18:04:19 [191] ERROR 
'NoneType' object has no attribute 'group'
2016-06-05 18:04:19 [142] INFO select 60.206.222.157:3128 as the proxy IP.
2016-06-05 18:04:19 [145] INFO select Mozilla/5.0 (Macintosh; Intel Mac OS X 10.6; rv:2.0.1) Gecko/20100101 Firefox/4.0.1 as the user-agent.
2016-06-05 18:04:21 [158] INFO The address is connected.
2016-06-05 18:04:21 [190] ERROR Login error!
2016-06-05 18:04:21 [191] ERROR 
'NoneType' object has no attribute 'group'
2016-06-05 18:04:21 [142] INFO select 124.192.40.253:3128 as the proxy IP.
2016-06-05 18:04:21 [145] INFO select Opera/9.80 (Macintosh; Intel Mac OS X 10.6.8; U; en) Presto/2.8.131 Version/11.11 as the user-agent.
2016-06-05 18:04:21 [158] INFO The address is connected.
2016-06-05 18:04:21 [190] ERROR Login error!
2016-06-05 18:04:21 [191] ERROR 
'NoneType' object has no attribute 'group'
2016-06-05 18:04:21 [142] INFO select 60.206.222.157:3128 as the proxy IP.
2016-06-05 18:04:21 [145] INFO select Mozilla/5.0 (Macintosh; U; Intel Mac OS X 10_6_8; en-us) AppleWebKit/534.50 (KHTML, like Gecko) Version/5.1 Safari/534.50 as the user-agent.
2016-06-05 18:04:21 [158] INFO The address is connected.
2016-06-05 18:04:21 [190] ERROR Login error!
2016-06-05 18:04:21 [191] ERROR 
'NoneType' object has no attribute 'group'
2016-06-05 18:04:21 [142] INFO select 60.206.222.157:3128 as the proxy IP.
2016-06-05 18:04:21 [145] INFO select Opera/9.80 (Macintosh; Intel Mac OS X 10.6.8; U; en) Presto/2.8.131 Version/11.11 as the user-agent.
2016-06-05 18:04:21 [158] INFO The address is connected.
2016-06-05 18:04:21 [190] ERROR Login error!
2016-06-05 18:04:21 [191] ERROR 
'NoneType' object has no attribute 'group'
2016-06-05 18:04:21 [142] INFO select 124.192.72.220:3128 as the proxy IP.
2016-06-05 18:04:21 [145] INFO select Mozilla/5.0 (Macintosh; Intel Mac OS X 10.6; rv:2.0.1) Gecko/20100101 Firefox/4.0.1 as the user-agent.
2016-06-05 18:04:21 [158] INFO The address is connected.
2016-06-05 18:04:21 [190] ERROR Login error!
2016-06-05 18:04:21 [191] ERROR 
'NoneType' object has no attribute 'group'
2016-06-05 18:04:21 [142] INFO select 111.40.197.41:8080 as the proxy IP.
2016-06-05 18:04:21 [145] INFO select Mozilla/5.0 (Macintosh; Intel Mac OS X 10.6; rv:2.0.1) Gecko/20100101 Firefox/4.0.1 as the user-agent.
2016-06-05 18:04:21 [158] INFO The address is connected.
2016-06-05 18:04:21 [190] ERROR Login error!
2016-06-05 18:04:21 [191] ERROR 
'NoneType' object has no attribute 'group'
2016-06-05 18:04:21 [142] INFO select 183.245.147.24:80 as the proxy IP.
2016-06-05 18:04:21 [145] INFO select Mozilla/5.0 (Macintosh; U; Intel Mac OS X 10_6_8; en-us) AppleWebKit/534.50 (KHTML, like Gecko) Version/5.1 Safari/534.50 as the user-agent.
2016-06-05 18:04:21 [158] INFO The address is connected.
2016-06-05 18:04:21 [190] ERROR Login error!
2016-06-05 18:04:21 [191] ERROR 
'NoneType' object has no attribute 'group'
2016-06-05 18:04:21 [142] INFO select 103.27.7.55:3128 as the proxy IP.
2016-06-05 18:04:21 [145] INFO select Mozilla/5.0 (Macintosh; U; Intel Mac OS X 10_6_8; en-us) AppleWebKit/534.50 (KHTML, like Gecko) Version/5.1 Safari/534.50 as the user-agent.
2016-06-05 18:04:21 [158] INFO The address is connected.
2016-06-05 18:04:21 [190] ERROR Login error!
2016-06-05 18:04:21 [191] ERROR 
'NoneType' object has no attribute 'group'
2016-06-05 18:04:21 [142] INFO select 180.212.220.177:8888 as the proxy IP.
2016-06-05 18:04:21 [145] INFO select Mozilla/5.0 (Macintosh; U; Intel Mac OS X 10_6_8; en-us) AppleWebKit/534.50 (KHTML, like Gecko) Version/5.1 Safari/534.50 as the user-agent.
2016-06-05 18:04:22 [158] INFO The address is connected.
2016-06-05 18:04:22 [190] ERROR Login error!
2016-06-05 18:04:22 [191] ERROR 
'NoneType' object has no attribute 'group'
2016-06-05 18:04:22 [142] INFO select 180.212.220.177:8888 as the proxy IP.
2016-06-05 18:04:22 [145] INFO select Mozilla/5.0 (Macintosh; Intel Mac OS X 10.6; rv:2.0.1) Gecko/20100101 Firefox/4.0.1 as the user-agent.
2016-06-05 18:04:22 [158] INFO The address is connected.
2016-06-05 18:04:22 [190] ERROR Login error!
2016-06-05 18:04:22 [191] ERROR 
'NoneType' object has no attribute 'group'
2016-06-05 18:04:22 [142] INFO select 124.192.72.220:3128 as the proxy IP.
2016-06-05 18:04:22 [145] INFO select Mozilla/5.0 (Macintosh; Intel Mac OS X 10_7_0) AppleWebKit/535.11 (KHTML, like Gecko) Chrome/17.0.963.56 Safari/535.11 as the user-agent.
2016-06-05 18:04:22 [158] INFO The address is connected.
2016-06-05 18:04:22 [190] ERROR Login error!
2016-06-05 18:04:22 [191] ERROR 
'NoneType' object has no attribute 'group'
2016-06-05 18:04:22 [142] INFO select 111.40.197.41:8080 as the proxy IP.
2016-06-05 18:04:22 [145] INFO select Mozilla/5.0 (Macintosh; Intel Mac OS X 10.6; rv:2.0.1) Gecko/20100101 Firefox/4.0.1 as the user-agent.
2016-06-05 18:04:22 [158] INFO The address is connected.
2016-06-05 18:04:22 [190] ERROR Login error!
2016-06-05 18:04:22 [191] ERROR 
'NoneType' object has no attribute 'group'
2016-06-05 18:04:22 [142] INFO select 183.245.147.24:80 as the proxy IP.
2016-06-05 18:04:22 [145] INFO select Mozilla/5.0 (Macintosh; Intel Mac OS X 10.6; rv:2.0.1) Gecko/20100101 Firefox/4.0.1 as the user-agent.
2016-06-05 18:04:22 [158] INFO The address is connected.
2016-06-05 18:04:22 [190] ERROR Login error!
2016-06-05 18:04:22 [191] ERROR 
'NoneType' object has no attribute 'group'
2016-06-05 18:04:22 [142] INFO select 124.192.40.253:3128 as the proxy IP.
2016-06-05 18:04:22 [145] INFO select Mozilla/5.0 (Macintosh; Intel Mac OS X 10_7_0) AppleWebKit/535.11 (KHTML, like Gecko) Chrome/17.0.963.56 Safari/535.11 as the user-agent.
2016-06-05 18:04:22 [158] INFO The address is connected.
2016-06-05 18:04:22 [190] ERROR Login error!
2016-06-05 18:04:22 [191] ERROR 
'NoneType' object has no attribute 'group'
2016-06-05 18:04:22 [142] INFO select 117.187.20.22:8080 as the proxy IP.
2016-06-05 18:04:22 [145] INFO select Mozilla/5.0 (Macintosh; Intel Mac OS X 10.6; rv:2.0.1) Gecko/20100101 Firefox/4.0.1 as the user-agent.
2016-06-05 18:04:23 [158] INFO The address is connected.
2016-06-05 18:04:23 [190] ERROR Login error!
2016-06-05 18:04:23 [191] ERROR 
'NoneType' object has no attribute 'group'
2016-06-05 18:04:23 [142] INFO select 103.27.7.55:3128 as the proxy IP.
2016-06-05 18:04:23 [145] INFO select Mozilla/5.0 (Macintosh; U; Intel Mac OS X 10_6_8; en-us) AppleWebKit/534.50 (KHTML, like Gecko) Version/5.1 Safari/534.50 as the user-agent.
2016-06-05 18:04:23 [158] INFO The address is connected.
2016-06-05 18:04:23 [190] ERROR Login error!
2016-06-05 18:04:23 [191] ERROR 
'NoneType' object has no attribute 'group'
2016-06-05 18:04:23 [142] INFO select 210.101.131.229:8080 as the proxy IP.
2016-06-05 18:04:23 [145] INFO select Mozilla/5.0 (Macintosh; U; Intel Mac OS X 10_6_8; en-us) AppleWebKit/534.50 (KHTML, like Gecko) Version/5.1 Safari/534.50 as the user-agent.
2016-06-05 18:04:23 [158] INFO The address is connected.
2016-06-05 18:04:23 [190] ERROR Login error!
2016-06-05 18:04:23 [191] ERROR 
'NoneType' object has no attribute 'group'
2016-06-05 18:04:23 [142] INFO select 124.192.40.253:3128 as the proxy IP.
2016-06-05 18:04:23 [145] INFO select Mozilla/5.0 (Macintosh; Intel Mac OS X 10_7_0) AppleWebKit/535.11 (KHTML, like Gecko) Chrome/17.0.963.56 Safari/535.11 as the user-agent.
2016-06-05 18:04:23 [158] INFO The address is connected.
2016-06-05 18:04:23 [190] ERROR Login error!
2016-06-05 18:04:23 [191] ERROR 
'NoneType' object has no attribute 'group'
2016-06-05 18:04:23 [142] INFO select 103.27.7.55:3128 as the proxy IP.
2016-06-05 18:04:23 [145] INFO select Opera/9.80 (Macintosh; Intel Mac OS X 10.6.8; U; en) Presto/2.8.131 Version/11.11 as the user-agent.
2016-06-05 18:04:23 [158] INFO The address is connected.
2016-06-05 18:04:23 [190] ERROR Login error!
2016-06-05 18:04:23 [191] ERROR 
'NoneType' object has no attribute 'group'
2016-06-05 18:04:23 [142] INFO select 60.206.222.157:3128 as the proxy IP.
2016-06-05 18:04:23 [145] INFO select Mozilla/5.0 (Macintosh; Intel Mac OS X 10_7_0) AppleWebKit/535.11 (KHTML, like Gecko) Chrome/17.0.963.56 Safari/535.11 as the user-agent.
2016-06-05 18:04:26 [158] INFO The address is connected.
2016-06-05 18:04:26 [190] ERROR Login error!
2016-06-05 18:04:26 [191] ERROR 
'NoneType' object has no attribute 'group'
2016-06-05 18:04:26 [142] INFO select 124.192.72.220:3128 as the proxy IP.
2016-06-05 18:04:26 [145] INFO select Mozilla/5.0 (Macintosh; Intel Mac OS X 10_7_0) AppleWebKit/535.11 (KHTML, like Gecko) Chrome/17.0.963.56 Safari/535.11 as the user-agent.
2016-06-05 18:04:26 [158] INFO The address is connected.
2016-06-05 18:04:26 [190] ERROR Login error!
2016-06-05 18:04:26 [191] ERROR 
'NoneType' object has no attribute 'group'
2016-06-05 18:04:26 [142] INFO select 120.25.84.211:3128 as the proxy IP.
2016-06-05 18:04:26 [145] INFO select Mozilla/5.0 (Macintosh; Intel Mac OS X 10_7_0) AppleWebKit/535.11 (KHTML, like Gecko) Chrome/17.0.963.56 Safari/535.11 as the user-agent.
2016-06-05 18:04:26 [158] INFO The address is connected.
2016-06-05 18:04:26 [190] ERROR Login error!
2016-06-05 18:04:26 [191] ERROR 
'NoneType' object has no attribute 'group'
2016-06-05 18:04:26 [142] INFO select 210.101.131.229:8080 as the proxy IP.
2016-06-05 18:04:26 [145] INFO select Mozilla/5.0 (Macintosh; U; Intel Mac OS X 10_6_8; en-us) AppleWebKit/534.50 (KHTML, like Gecko) Version/5.1 Safari/534.50 as the user-agent.
2016-06-05 18:04:26 [158] INFO The address is connected.
2016-06-05 18:04:26 [190] ERROR Login error!
2016-06-05 18:04:26 [191] ERROR 
'NoneType' object has no attribute 'group'
2016-06-05 18:04:26 [142] INFO select 60.206.222.157:3128 as the proxy IP.
2016-06-05 18:04:26 [145] INFO select Opera/9.80 (Macintosh; Intel Mac OS X 10.6.8; U; en) Presto/2.8.131 Version/11.11 as the user-agent.
2016-06-05 18:04:26 [158] INFO The address is connected.
2016-06-05 18:04:26 [190] ERROR Login error!
2016-06-05 18:04:26 [191] ERROR 
'NoneType' object has no attribute 'group'
2016-06-05 18:04:26 [142] INFO select 124.192.40.253:3128 as the proxy IP.
2016-06-05 18:04:26 [145] INFO select Opera/9.80 (Macintosh; Intel Mac OS X 10.6.8; U; en) Presto/2.8.131 Version/11.11 as the user-agent.
2016-06-05 18:04:27 [158] INFO The address is connected.
2016-06-05 18:04:27 [190] ERROR Login error!
2016-06-05 18:04:27 [191] ERROR 
'NoneType' object has no attribute 'group'
2016-06-05 18:04:27 [142] INFO select 111.40.197.41:8080 as the proxy IP.
2016-06-05 18:04:27 [145] INFO select Opera/9.80 (Macintosh; Intel Mac OS X 10.6.8; U; en) Presto/2.8.131 Version/11.11 as the user-agent.
2016-06-05 18:04:27 [158] INFO The address is connected.
2016-06-05 18:04:27 [190] ERROR Login error!
2016-06-05 18:04:27 [191] ERROR 
'NoneType' object has no attribute 'group'
2016-06-05 18:04:27 [142] INFO select 120.25.84.211:3128 as the proxy IP.
2016-06-05 18:04:27 [145] INFO select Mozilla/5.0 (Macintosh; U; Intel Mac OS X 10_6_8; en-us) AppleWebKit/534.50 (KHTML, like Gecko) Version/5.1 Safari/534.50 as the user-agent.
2016-06-05 18:04:27 [158] INFO The address is connected.
2016-06-05 18:04:27 [190] ERROR Login error!
2016-06-05 18:04:27 [191] ERROR 
'NoneType' object has no attribute 'group'
2016-06-05 18:04:27 [142] INFO select 60.206.222.157:3128 as the proxy IP.
2016-06-05 18:04:27 [145] INFO select Mozilla/5.0 (Macintosh; U; Intel Mac OS X 10_6_8; en-us) AppleWebKit/534.50 (KHTML, like Gecko) Version/5.1 Safari/534.50 as the user-agent.
2016-06-05 18:04:27 [158] INFO The address is connected.
2016-06-05 18:04:27 [190] ERROR Login error!
2016-06-05 18:04:27 [191] ERROR 
'NoneType' object has no attribute 'group'
2016-06-05 18:04:27 [142] INFO select 120.25.84.211:3128 as the proxy IP.
2016-06-05 18:04:27 [145] INFO select Mozilla/5.0 (Macintosh; U; Intel Mac OS X 10_6_8; en-us) AppleWebKit/534.50 (KHTML, like Gecko) Version/5.1 Safari/534.50 as the user-agent.
2016-06-05 18:04:27 [158] INFO The address is connected.
2016-06-05 18:04:27 [190] ERROR Login error!
2016-06-05 18:04:27 [191] ERROR 
'NoneType' object has no attribute 'group'
2016-06-05 18:04:27 [142] INFO select 183.245.147.24:80 as the proxy IP.
2016-06-05 18:04:27 [145] INFO select Mozilla/5.0 (Macintosh; Intel Mac OS X 10.6; rv:2.0.1) Gecko/20100101 Firefox/4.0.1 as the user-agent.
2016-06-05 18:04:27 [158] INFO The address is connected.
2016-06-05 18:04:27 [190] ERROR Login error!
2016-06-05 18:04:27 [191] ERROR 
'NoneType' object has no attribute 'group'
2016-06-05 18:04:27 [142] INFO select 60.206.222.157:3128 as the proxy IP.
2016-06-05 18:04:27 [145] INFO select Mozilla/5.0 (Macintosh; Intel Mac OS X 10.6; rv:2.0.1) Gecko/20100101 Firefox/4.0.1 as the user-agent.
2016-06-05 18:04:27 [158] INFO The address is connected.
2016-06-05 18:04:27 [190] ERROR Login error!
2016-06-05 18:04:27 [191] ERROR 
'NoneType' object has no attribute 'group'
2016-06-05 18:04:27 [142] INFO select 124.192.72.220:3128 as the proxy IP.
2016-06-05 18:04:27 [145] INFO select Mozilla/5.0 (Macintosh; Intel Mac OS X 10.6; rv:2.0.1) Gecko/20100101 Firefox/4.0.1 as the user-agent.
2016-06-05 18:04:27 [158] INFO The address is connected.
2016-06-05 18:04:27 [190] ERROR Login error!
2016-06-05 18:04:27 [191] ERROR 
'NoneType' object has no attribute 'group'
2016-06-05 18:04:27 [142] INFO select 117.187.20.22:8080 as the proxy IP.
2016-06-05 18:04:27 [145] INFO select Mozilla/5.0 (Macintosh; Intel Mac OS X 10_7_0) AppleWebKit/535.11 (KHTML, like Gecko) Chrome/17.0.963.56 Safari/535.11 as the user-agent.
2016-06-05 18:04:29 [158] INFO The address is connected.
2016-06-05 18:04:29 [190] ERROR Login error!
2016-06-05 18:04:29 [191] ERROR 
'NoneType' object has no attribute 'group'
2016-06-05 18:04:29 [142] INFO select 210.101.131.229:8080 as the proxy IP.
2016-06-05 18:04:29 [145] INFO select Opera/9.80 (Macintosh; Intel Mac OS X 10.6.8; U; en) Presto/2.8.131 Version/11.11 as the user-agent.
2016-06-05 18:04:29 [158] INFO The address is connected.
2016-06-05 18:04:29 [190] ERROR Login error!
2016-06-05 18:04:29 [191] ERROR 
'NoneType' object has no attribute 'group'
2016-06-05 18:04:29 [142] INFO select 124.192.72.220:3128 as the proxy IP.
2016-06-05 18:04:29 [145] INFO select Mozilla/5.0 (Macintosh; Intel Mac OS X 10.6; rv:2.0.1) Gecko/20100101 Firefox/4.0.1 as the user-agent.
2016-06-05 18:04:29 [158] INFO The address is connected.
2016-06-05 18:04:29 [190] ERROR Login error!
2016-06-05 18:04:29 [191] ERROR 
'NoneType' object has no attribute 'group'
2016-06-05 18:04:29 [142] INFO select 124.192.72.220:3128 as the proxy IP.
2016-06-05 18:04:29 [145] INFO select Mozilla/5.0 (Macintosh; Intel Mac OS X 10.6; rv:2.0.1) Gecko/20100101 Firefox/4.0.1 as the user-agent.
2016-06-05 18:04:29 [158] INFO The address is connected.
2016-06-05 18:04:29 [190] ERROR Login error!
2016-06-05 18:04:29 [191] ERROR 
'NoneType' object has no attribute 'group'
2016-06-05 18:04:29 [142] INFO select 124.192.40.253:3128 as the proxy IP.
2016-06-05 18:04:29 [145] INFO select Mozilla/5.0 (Macintosh; Intel Mac OS X 10_7_0) AppleWebKit/535.11 (KHTML, like Gecko) Chrome/17.0.963.56 Safari/535.11 as the user-agent.
2016-06-05 18:04:29 [158] INFO The address is connected.
2016-06-05 18:04:29 [190] ERROR Login error!
2016-06-05 18:04:29 [191] ERROR 
'NoneType' object has no attribute 'group'
2016-06-05 18:04:29 [142] INFO select 117.187.20.22:8080 as the proxy IP.
2016-06-05 18:04:29 [145] INFO select Opera/9.80 (Macintosh; Intel Mac OS X 10.6.8; U; en) Presto/2.8.131 Version/11.11 as the user-agent.
2016-06-05 18:44:56 [46] INFO Log create success
2016-06-05 18:44:56 [93] INFO The user name complication completed...
2016-06-05 18:44:56 [93] INFO The user name complication completed...
2016-06-05 18:44:56 [82] INFO Password compilation completed...
2016-06-05 18:44:56 [51] INFO The post data is ready.
2016-06-05 18:44:57 [142] INFO select 123.7.115.141:9797 as the proxy IP.
2016-06-05 18:44:57 [145] INFO select Mozilla/5.0 (Macintosh; U; Intel Mac OS X 10_6_8; en-us) AppleWebKit/534.50 (KHTML, like Gecko) Version/5.1 Safari/534.50 as the user-agent.
2016-06-05 18:44:57 [158] INFO The address is connected.
2016-06-05 18:44:59 [178] INFO Jumping page....
2016-06-05 18:44:59 [181] INFO Jumping page again...
2016-06-05 18:45:00 [187] INFO Login success!
2016-06-05 18:49:34 [46] INFO Log create success
2016-06-05 18:49:34 [93] INFO The user name complication completed...
2016-06-05 18:49:35 [93] INFO The user name complication completed...
2016-06-05 18:49:35 [82] INFO Password compilation completed...
2016-06-05 18:49:35 [51] INFO The post data is ready.
2016-06-05 18:49:35 [142] INFO select 122.72.30.251:80 as the proxy IP.
2016-06-05 18:49:35 [145] INFO select Mozilla/5.0 (Macintosh; Intel Mac OS X 10_7_0) AppleWebKit/535.11 (KHTML, like Gecko) Chrome/17.0.963.56 Safari/535.11 as the user-agent.
2016-06-05 18:49:36 [158] INFO The address is connected.
2016-06-05 18:49:36 [178] INFO Jumping page....
2016-06-05 18:49:36 [181] INFO Jumping page again...
2016-06-05 18:49:36 [187] INFO Login success!
2016-06-05 18:51:13 [46] INFO Log create success
2016-06-05 18:51:13 [93] INFO The user name complication completed...
2016-06-05 18:51:13 [93] INFO The user name complication completed...
2016-06-05 18:51:13 [82] INFO Password compilation completed...
2016-06-05 18:51:13 [51] INFO The post data is ready.
2016-06-05 18:51:16 [142] INFO select 202.21.116.13:3128 as the proxy IP.
2016-06-05 18:51:16 [145] INFO select Opera/9.80 (Macintosh; Intel Mac OS X 10.6.8; U; en) Presto/2.8.131 Version/11.11 as the user-agent.
2016-06-05 18:51:19 [158] INFO The address is connected.
2016-06-05 18:51:19 [178] INFO Jumping page....
2016-06-05 18:51:19 [181] INFO Jumping page again...
2016-06-05 18:51:20 [187] INFO Login success!
2016-06-05 18:52:26 [46] INFO Log create success
2016-06-05 18:52:26 [93] INFO The user name complication completed...
2016-06-05 18:52:26 [93] INFO The user name complication completed...
2016-06-05 18:52:26 [82] INFO Password compilation completed...
2016-06-05 18:52:26 [51] INFO The post data is ready.
2016-06-05 18:52:26 [142] INFO select 110.81.238.173:8088 as the proxy IP.
2016-06-05 18:52:26 [145] INFO select Mozilla/5.0 (Macintosh; Intel Mac OS X 10_7_0) AppleWebKit/535.11 (KHTML, like Gecko) Chrome/17.0.963.56 Safari/535.11 as the user-agent.
2016-06-05 18:52:29 [158] INFO The address is connected.
2016-06-05 18:52:30 [178] INFO Jumping page....
2016-06-05 18:52:30 [181] INFO Jumping page again...
2016-06-05 18:52:30 [187] INFO Login success!
2016-06-05 19:28:09 [46] INFO Log create success
2016-06-05 19:28:09 [93] INFO The user name complication completed...
2016-06-05 19:28:09 [93] INFO The user name complication completed...
2016-06-05 19:28:09 [82] INFO Password compilation completed...
2016-06-05 19:28:09 [51] INFO The post data is ready.
2016-06-05 19:28:09 [142] INFO select 123.56.28.108:8888 as the proxy IP.
2016-06-05 19:28:09 [145] INFO select Mozilla/5.0 (Macintosh; U; Intel Mac OS X 10_6_8; en-us) AppleWebKit/534.50 (KHTML, like Gecko) Version/5.1 Safari/534.50 as the user-agent.
2016-06-05 19:28:10 [158] INFO The address is connected.
2016-06-05 19:28:10 [178] INFO Jumping page....
2016-06-05 19:28:10 [181] INFO Jumping page again...
2016-06-05 19:28:10 [187] INFO Login success!
2016-06-05 19:28:38 [46] INFO Log create success
2016-06-05 19:28:38 [93] INFO The user name complication completed...
2016-06-05 19:28:39 [93] INFO The user name complication completed...
2016-06-05 19:28:39 [82] INFO Password compilation completed...
2016-06-05 19:28:39 [51] INFO The post data is ready.
2016-06-05 19:28:39 [142] INFO select 177.92.60.253:8888 as the proxy IP.
2016-06-05 19:28:39 [145] INFO select Mozilla/5.0 (Macintosh; U; Intel Mac OS X 10_6_8; en-us) AppleWebKit/534.50 (KHTML, like Gecko) Version/5.1 Safari/534.50 as the user-agent.
2016-06-05 19:28:39 [158] INFO The address is connected.
2016-06-05 19:28:39 [178] INFO Jumping page....
2016-06-05 19:28:39 [181] INFO Jumping page again...
2016-06-05 19:28:43 [187] INFO Login success!
2016-06-05 19:33:02 [46] INFO Log create success
2016-06-05 19:33:02 [93] INFO The user name complication completed...
2016-06-05 19:33:02 [93] INFO The user name complication completed...
2016-06-05 19:33:02 [82] INFO Password compilation completed...
2016-06-05 19:33:02 [51] INFO The post data is ready.
2016-06-05 19:33:03 [142] INFO select 119.29.224.175:7777 as the proxy IP.
2016-06-05 19:33:03 [145] INFO select Mozilla/5.0 (Macintosh; U; Intel Mac OS X 10_6_8; en-us) AppleWebKit/534.50 (KHTML, like Gecko) Version/5.1 Safari/534.50 as the user-agent.
2016-06-05 19:33:05 [158] INFO The address is connected.
2016-06-05 19:33:05 [178] INFO Jumping page....
2016-06-05 19:33:05 [181] INFO Jumping page again...
2016-06-05 19:33:06 [187] INFO Login success!
2016-06-05 19:36:09 [46] INFO Log create success
2016-06-05 19:36:09 [93] INFO The user name complication completed...
2016-06-05 19:36:09 [93] INFO The user name complication completed...
2016-06-05 19:36:09 [82] INFO Password compilation completed...
2016-06-05 19:36:09 [51] INFO The post data is ready.
2016-06-05 19:36:10 [142] INFO select 115.115.227.141:3128 as the proxy IP.
2016-06-05 19:36:10 [145] INFO select Opera/9.80 (Macintosh; Intel Mac OS X 10.6.8; U; en) Presto/2.8.131 Version/11.11 as the user-agent.
2016-06-05 19:36:10 [158] INFO The address is connected.
2016-06-05 19:36:10 [178] INFO Jumping page....
2016-06-05 19:36:10 [181] INFO Jumping page again...
2016-06-05 19:36:11 [187] INFO Login success!
