2016-05-29 10:41:38 INFO Log create success :39
2016-05-29 10:41:38 INFO The dictionary create success :47
2016-05-29 10:41:39 INFO the img's url is:https://img3.doubanio.com/mpic/s27814883.jpg :70
2016-05-29 10:41:39 INFO The book's name is: 人类简史 :73
2016-05-29 10:41:39 INFO 人类简史's cover is downloaded.... :76
2016-05-29 10:41:39 INFO the img's url is:https://img3.doubanio.com/mpic/s28502251.jpg :70
2016-05-29 10:41:39 INFO The book's name is: 黑麋鹿如是说 :73
2016-05-29 10:41:39 INFO 黑麋鹿如是说's cover is downloaded.... :76
2016-05-29 10:41:39 INFO the img's url is:https://img3.doubanio.com/mpic/s28401093.jpg :70
2016-05-29 10:41:39 INFO The book's name is: 二手时间 :73
2016-05-29 10:41:39 INFO 二手时间's cover is downloaded.... :76
2016-05-29 10:41:39 INFO the img's url is:https://img3.doubanio.com/mpic/s1319205.jpg :70
2016-05-29 10:41:39 INFO The book's name is: 中国历代政治得失 :73
2016-05-29 10:41:39 INFO 中国历代政治得失's cover is downloaded.... :76
2016-05-29 10:41:39 INFO the img's url is:https://img3.doubanio.com/mpic/s1034305.jpg :70
2016-05-29 10:41:39 INFO The book's name is: 國史大綱（上下） :73
2016-05-29 10:41:39 INFO 國史大綱（上下）'s cover is downloaded.... :76
2016-05-29 10:41:39 INFO the img's url is:https://img3.doubanio.com/mpic/s3792001.jpg :70
2016-05-29 10:41:39 INFO The book's name is: 明朝那些事儿（1-9） :73
2016-05-29 10:41:40 INFO 明朝那些事儿（1-9）'s cover is downloaded.... :76
2016-05-29 10:41:40 INFO the img's url is:https://img3.doubanio.com/mpic/s3455551.jpg :70
2016-05-29 10:41:40 INFO The book's name is: 夹边沟记事 :73
2016-05-29 10:41:40 INFO 夹边沟记事's cover is downloaded.... :76
2016-05-29 10:41:40 INFO the img's url is:https://img3.doubanio.com/mpic/s28368810.jpg :70
2016-05-29 10:41:40 INFO The book's name is: 我的应许之地 :73
2016-05-29 10:41:40 INFO 我的应许之地's cover is downloaded.... :76
2016-05-29 10:41:40 INFO the img's url is:https://img3.doubanio.com/mpic/s1681072.jpg :70
2016-05-29 10:41:40 INFO The book's name is: 天朝的崩溃 :73
2016-05-29 10:41:40 INFO 天朝的崩溃's cover is downloaded.... :76
2016-05-29 10:41:40 INFO the img's url is:https://img1.doubanio.com/mpic/s27435757.jpg :70
2016-05-29 10:41:40 INFO The book's name is: 阿拉伯的劳伦斯 :73
2016-05-29 10:41:40 INFO 阿拉伯的劳伦斯's cover is downloaded.... :76
2016-05-29 10:41:40 INFO the img's url is:https://img3.doubanio.com/mpic/s1953384.jpg :70
2016-05-29 10:41:40 INFO The book's name is: 史记（全十册） :73
2016-05-29 10:41:40 INFO 史记（全十册）'s cover is downloaded.... :76
2016-05-29 10:41:40 INFO the img's url is:https://img3.doubanio.com/mpic/s28307970.jpg :70
2016-05-29 10:41:40 INFO The book's name is: 野蛮大陆 :73
2016-05-29 10:41:40 INFO 野蛮大陆's cover is downloaded.... :76
2016-05-29 10:41:40 INFO the img's url is:https://img1.doubanio.com/mpic/s27307487.jpg :70
2016-05-29 10:41:40 INFO The book's name is: 文明之光（第一册） :73
2016-05-29 10:41:40 INFO 文明之光（第一册）'s cover is downloaded.... :76
2016-05-29 10:41:40 INFO the img's url is:https://img3.doubanio.com/mpic/s25808310.jpg :70
2016-05-29 10:41:40 INFO The book's name is: 被淹没和被拯救的 :73
2016-05-29 10:41:40 INFO 被淹没和被拯救的's cover is downloaded.... :76
2016-05-29 10:41:40 INFO the img's url is:https://img3.doubanio.com/mpic/s27288005.jpg :70
2016-05-29 10:41:40 INFO The book's name is: 1453：君士坦丁堡之战 :73
2016-05-29 10:41:40 INFO 1453：君士坦丁堡之战's cover is downloaded.... :76
2016-05-29 10:41:40 INFO the img's url is:https://img1.doubanio.com/mpic/s1121598.jpg :70
2016-05-29 10:41:40 INFO The book's name is: 昨日的世界 :73
2016-05-29 10:41:40 INFO 昨日的世界's cover is downloaded.... :76
2016-05-29 10:41:40 INFO the img's url is:https://img1.doubanio.com/mpic/s27913938.jpg :70
2016-05-29 10:41:40 INFO The book's name is: 文明之光 （第三册） :73
2016-05-29 10:41:41 INFO 文明之光 （第三册）'s cover is downloaded.... :76
2016-05-29 10:41:41 INFO the img's url is:https://img1.doubanio.com/mpic/s27181999.jpg :70
2016-05-29 10:41:41 INFO The book's name is: 大英博物馆世界简史（全3册） :73
2016-05-29 10:41:41 INFO 大英博物馆世界简史（全3册）'s cover is downloaded.... :76
2016-05-29 10:41:41 INFO the img's url is:https://img3.doubanio.com/mpic/s27205936.jpg :70
2016-05-29 10:41:41 INFO The book's name is: 罗马人的故事（礼品装，全15册） :73
2016-05-29 10:41:41 INFO 罗马人的故事（礼品装，全15册）'s cover is downloaded.... :76
2016-05-29 10:41:41 INFO the img's url is:https://img3.doubanio.com/mpic/s28383465.jpg :70
2016-05-29 10:41:41 INFO The book's name is: 思虑20世纪 :73
2016-05-29 10:41:41 INFO 思虑20世纪's cover is downloaded.... :76
2016-05-29 10:41:41 INFO the img's url is:https://img3.doubanio.com/mpic/s27176265.jpg :70
2016-05-29 10:41:41 INFO The book's name is: 从黎明到衰落（上下） :73
2016-05-29 10:41:41 INFO 从黎明到衰落（上下）'s cover is downloaded.... :76
2016-05-29 10:41:41 INFO the img's url is:https://img1.doubanio.com/mpic/s28342679.jpg :70
2016-05-29 10:41:41 INFO The book's name is: 海洋帝国 :73
2016-05-29 10:41:41 INFO 海洋帝国's cover is downloaded.... :76
2016-05-29 10:41:41 INFO the img's url is:https://img3.doubanio.com/mpic/s28521073.jpg :70
2016-05-29 10:41:41 INFO The book's name is: 巴巴拉•W•塔奇曼作品02：骄傲之塔：战前世界的肖像，1890-1914 :73
2016-05-29 10:41:41 INFO 巴巴拉•W•塔奇曼作品02：骄傲之塔：战前世界的肖像，1890-1914's cover is downloaded.... :76
2016-05-29 10:41:41 INFO the img's url is:https://img1.doubanio.com/mpic/s4107129.jpg :70
2016-05-29 10:41:41 INFO The book's name is: 中国通史 :73
2016-05-29 10:41:41 INFO 中国通史's cover is downloaded.... :76
2016-05-29 10:41:41 INFO the img's url is:https://img3.doubanio.com/mpic/s1768916.jpg :70
2016-05-29 10:41:41 INFO The book's name is: 历史深处的忧虑 :73
2016-05-29 10:41:42 INFO 历史深处的忧虑's cover is downloaded.... :76
2016-05-29 10:41:42 INFO the img's url is:https://img3.doubanio.com/mpic/s2179261.jpg :70
2016-05-29 10:41:42 INFO The book's name is: 全球通史(下) :73
2016-05-29 10:41:42 INFO 全球通史(下)'s cover is downloaded.... :76
2016-05-29 10:41:42 INFO the img's url is:https://img1.doubanio.com/mpic/s28265238.jpg :70
2016-05-29 10:41:42 INFO The book's name is: 生活与命运 :73
2016-05-29 10:41:42 INFO 生活与命运's cover is downloaded.... :76
2016-05-29 10:41:42 INFO the img's url is:https://img3.doubanio.com/mpic/s26016760.jpg :70
2016-05-29 10:41:42 INFO The book's name is: 古拉格：一部历史 :73
2016-05-29 10:43:08 INFO Log create success 39
2016-05-29 10:43:09 INFO the img's url is:https://img3.doubanio.com/mpic/s27814883.jpg 70
2016-05-29 10:43:09 INFO The book's name is: 人类简史 73
2016-05-29 10:43:09 INFO 人类简史's cover is downloaded.... 76
2016-05-29 10:43:09 INFO the img's url is:https://img3.doubanio.com/mpic/s28502251.jpg 70
2016-05-29 10:43:09 INFO The book's name is: 黑麋鹿如是说 73
2016-05-29 10:43:09 INFO 黑麋鹿如是说's cover is downloaded.... 76
2016-05-29 10:43:09 INFO the img's url is:https://img3.doubanio.com/mpic/s28401093.jpg 70
2016-05-29 10:43:09 INFO The book's name is: 二手时间 73
2016-05-29 10:43:09 INFO 二手时间's cover is downloaded.... 76
2016-05-29 10:43:09 INFO the img's url is:https://img3.doubanio.com/mpic/s1319205.jpg 70
2016-05-29 10:43:09 INFO The book's name is: 中国历代政治得失 73
2016-05-29 10:43:09 INFO 中国历代政治得失's cover is downloaded.... 76
2016-05-29 10:43:09 INFO the img's url is:https://img3.doubanio.com/mpic/s1034305.jpg 70
2016-05-29 10:43:09 INFO The book's name is: 國史大綱（上下） 73
2016-05-29 10:43:09 INFO 國史大綱（上下）'s cover is downloaded.... 76
2016-05-29 10:43:09 INFO the img's url is:https://img3.doubanio.com/mpic/s3792001.jpg 70
2016-05-29 10:43:09 INFO The book's name is: 明朝那些事儿（1-9） 73
2016-05-29 10:43:09 INFO 明朝那些事儿（1-9）'s cover is downloaded.... 76
2016-05-29 10:43:09 INFO the img's url is:https://img3.doubanio.com/mpic/s3455551.jpg 70
2016-05-29 10:43:09 INFO The book's name is: 夹边沟记事 73
2016-05-29 10:43:09 INFO 夹边沟记事's cover is downloaded.... 76
2016-05-29 10:43:09 INFO the img's url is:https://img3.doubanio.com/mpic/s28368810.jpg 70
2016-05-29 10:43:09 INFO The book's name is: 我的应许之地 73
